ff2020-04-23 14:15:44 INFO  EmployeeBasepakchage:16 - *********Started TC002_Get_Single_Employee_Record **********
2020-04-23 14:15:51 INFO  EmployeeBasepakchage:28 - Response body started
2020-04-23 14:15:51 INFO  EmployeeBasepakchage:30 - Response is {"status":"failed","message":"Oops! someting issue found to fetch record."}
2020-04-23 14:15:51 INFO  EmployeeBasepakchage:81 - *********  Finished TC002_Get_Single_Employee_Record **********
2020-04-23 14:35:55 INFO  EmployeeBasepakchage:25 - *********Started TC003_Post_Employee_Record **********
2020-04-23 14:36:02 INFO  EmployeeBasepakchage:98 - *********  Finished TC003_Post_Employee_Record **********
2020-04-23 14:38:00 INFO  EmployeeBasepakchage:25 - *********Started TC003_Post_Employee_Record **********
2020-04-23 14:38:07 INFO  EmployeeBasepakchage:53 - Responce body started
2020-04-23 14:38:07 INFO  EmployeeBasepakchage:56 - Responce body is{"status":"success","data":{"name":"JohnQ","salary":"73771","age":"50","id":76}}
2020-04-23 14:38:07 INFO  EmployeeBasepakchage:102 - *********  Finished TC003_Post_Employee_Record **********
2020-04-23 15:55:47 INFO  EmployeeBasepakchage:17 - *********Started TC005_Delete_Employee_Record **********
2020-04-23 15:55:54 INFO  EmployeeBasepakchage:82 - *********  Finished TC005_Delete_Employee_Record **********
2020-04-23 17:00:35 INFO  EmployeeBasepakchage:17 - *********Started TC001_Get_All_Employees **********
2020-04-23 17:00:38 INFO  EmployeeBasepakchage:114 - ***********  Checking Content Lenght**********
2020-04-23 17:00:38 INFO  EmployeeBasepakchage:117 - Content Length is==>595
2020-04-23 17:00:38 INFO  EmployeeBasepakchage:81 - ***********  Checking Content Type **********
2020-04-23 17:00:38 INFO  EmployeeBasepakchage:84 - Content type is ==>application/json;charset=utf-8
2020-04-23 17:00:38 INFO  EmployeeBasepakchage:129 - ***********  Checking Cookies **********
2020-04-23 17:00:38 INFO  EmployeeBasepakchage:52 - ***********  Checking Response Time **********
2020-04-23 17:00:38 INFO  EmployeeBasepakchage:55 - Response Time is ==>1410
2020-04-23 17:00:38 INFO  EmployeeBasepakchage:30 - ***********  Checking Respose Body **********
2020-04-23 17:00:38 INFO  EmployeeBasepakchage:33 - Response Body==>{"status":"success","data":[{"id":"1","employee_name":"Tiger Nixon","employee_salary":"320800","employee_age":"61","profile_image":""},{"id":"2","employee_name":"Garrett Winters","employee_salary":"170750","employee_age":"63","profile_image":""},{"id":"3","employee_name":"Ashton Cox","employee_salary":"86000","employee_age":"66","profile_image":""},{"id":"4","employee_name":"Cedric Kelly","employee_salary":"433060","employee_age":"22","profile_image":""},{"id":"5","employee_name":"Airi Satou","employee_salary":"162700","employee_age":"33","profile_image":""},{"id":"6","employee_name":"Brielle Williamson","employee_salary":"372000","employee_age":"61","profile_image":""},{"id":"7","employee_name":"Herrod Chandler","employee_salary":"137500","employee_age":"59","profile_image":""},{"id":"8","employee_name":"Rhona Davidson","employee_salary":"327900","employee_age":"55","profile_image":""},{"id":"9","employee_name":"Colleen Hurst","employee_salary":"205500","employee_age":"39","profile_image":""},{"id":"10","employee_name":"Sonya Frost","employee_salary":"103600","employee_age":"23","profile_image":""},{"id":"11","employee_name":"Jena Gaines","employee_salary":"90560","employee_age":"30","profile_image":""},{"id":"12","employee_name":"Quinn Flynn","employee_salary":"342000","employee_age":"22","profile_image":""},{"id":"13","employee_name":"Charde Marshall","employee_salary":"470600","employee_age":"36","profile_image":""},{"id":"14","employee_name":"Haley Kennedy","employee_salary":"313500","employee_age":"43","profile_image":""},{"id":"15","employee_name":"Tatyana Fitzpatrick","employee_salary":"385750","employee_age":"19","profile_image":""},{"id":"16","employee_name":"Michael Silva","employee_salary":"198500","employee_age":"66","profile_image":""},{"id":"17","employee_name":"Paul Byrd","employee_salary":"725000","employee_age":"64","profile_image":""},{"id":"18","employee_name":"Gloria Little","employee_salary":"237500","employee_age":"59","profile_image":""},{"id":"19","employee_name":"Bradley Greer","employee_salary":"132000","employee_age":"41","profile_image":""},{"id":"20","employee_name":"Dai Rios","employee_salary":"217500","employee_age":"35","profile_image":""},{"id":"21","employee_name":"Jenette Caldwell","employee_salary":"345000","employee_age":"30","profile_image":""},{"id":"22","employee_name":"Yuri Berry","employee_salary":"675000","employee_age":"40","profile_image":""},{"id":"23","employee_name":"Caesar Vance","employee_salary":"106450","employee_age":"21","profile_image":""},{"id":"24","employee_name":"Doris Wilder","employee_salary":"85600","employee_age":"23","profile_image":""}]}
2020-04-23 17:00:38 INFO  EmployeeBasepakchage:41 - ***********  Checking Status Code **********
2020-04-23 17:00:38 INFO  EmployeeBasepakchage:44 - Status Code is ==>200
2020-04-23 17:00:38 INFO  EmployeeBasepakchage:102 - ***********  Checking Content Encoding**********
2020-04-23 17:00:38 INFO  EmployeeBasepakchage:105 - Content Encoding is==>gzip
2020-04-23 17:00:38 INFO  EmployeeBasepakchage:91 - ***********  Checking Server Type **********
2020-04-23 17:00:38 INFO  EmployeeBasepakchage:94 - Server Type is =>nginx/1.16.0
2020-04-23 17:00:38 INFO  EmployeeBasepakchage:68 - ***********  Checking Status Line **********
2020-04-23 17:00:38 INFO  EmployeeBasepakchage:71 - Status Line is ==>HTTP/1.1 200 OK
2020-04-23 17:00:38 INFO  EmployeeBasepakchage:139 - *********  Finished TC001_Get_All_Employees **********
2020-04-23 17:00:38 INFO  EmployeeBasepakchage:16 - *********Started TC002_Get_Single_Employee_Record **********
2020-04-23 17:00:44 INFO  EmployeeBasepakchage:28 - Response body started
2020-04-23 17:00:44 INFO  EmployeeBasepakchage:30 - Response is {"status":"failed","message":"Oops! someting issue found to fetch record."}
2020-04-23 17:00:44 INFO  EmployeeBasepakchage:81 - *********  Finished TC002_Get_Single_Employee_Record **********
2020-04-23 17:00:44 INFO  EmployeeBasepakchage:25 - *********Started TC003_Post_Employee_Record **********
2020-04-23 17:00:50 INFO  EmployeeBasepakchage:53 - Responce body started
2020-04-23 17:00:50 INFO  EmployeeBasepakchage:56 - Responce body is{"status":"success","data":{"name":"JohnO","salary":"13045","age":"63","id":36}}
2020-04-23 17:00:50 INFO  EmployeeBasepakchage:102 - *********  Finished TC003_Post_Employee_Record **********
2020-04-23 17:00:50 INFO  EmployeeBasepakchage:17 - *********Started TC005_Delete_Employee_Record **********
2020-04-23 17:00:55 INFO  EmployeeBasepakchage:82 - *********  Finished TC005_Delete_Employee_Record **********
2020-05-03 13:39:18 INFO  EmployeeBasepakchage:17 - *********Started TC001_Get_All_Employees **********
2020-05-03 13:39:20 INFO  EmployeeBasepakchage:114 - ***********  Checking Content Lenght**********
2020-05-03 13:39:20 INFO  EmployeeBasepakchage:117 - Content Length is==>595
2020-05-03 13:39:20 INFO  EmployeeBasepakchage:81 - ***********  Checking Content Type **********
2020-05-03 13:39:20 INFO  EmployeeBasepakchage:84 - Content type is ==>application/json;charset=utf-8
2020-05-03 13:39:20 INFO  EmployeeBasepakchage:129 - ***********  Checking Cookies **********
2020-05-03 13:39:20 INFO  EmployeeBasepakchage:52 - ***********  Checking Response Time **********
2020-05-03 13:39:20 INFO  EmployeeBasepakchage:55 - Response Time is ==>1203
2020-05-03 13:39:20 INFO  EmployeeBasepakchage:30 - ***********  Checking Respose Body **********
2020-05-03 13:39:20 INFO  EmployeeBasepakchage:33 - Response Body==>{"status":"success","data":[{"id":"1","employee_name":"Tiger Nixon","employee_salary":"320800","employee_age":"61","profile_image":""},{"id":"2","employee_name":"Garrett Winters","employee_salary":"170750","employee_age":"63","profile_image":""},{"id":"3","employee_name":"Ashton Cox","employee_salary":"86000","employee_age":"66","profile_image":""},{"id":"4","employee_name":"Cedric Kelly","employee_salary":"433060","employee_age":"22","profile_image":""},{"id":"5","employee_name":"Airi Satou","employee_salary":"162700","employee_age":"33","profile_image":""},{"id":"6","employee_name":"Brielle Williamson","employee_salary":"372000","employee_age":"61","profile_image":""},{"id":"7","employee_name":"Herrod Chandler","employee_salary":"137500","employee_age":"59","profile_image":""},{"id":"8","employee_name":"Rhona Davidson","employee_salary":"327900","employee_age":"55","profile_image":""},{"id":"9","employee_name":"Colleen Hurst","employee_salary":"205500","employee_age":"39","profile_image":""},{"id":"10","employee_name":"Sonya Frost","employee_salary":"103600","employee_age":"23","profile_image":""},{"id":"11","employee_name":"Jena Gaines","employee_salary":"90560","employee_age":"30","profile_image":""},{"id":"12","employee_name":"Quinn Flynn","employee_salary":"342000","employee_age":"22","profile_image":""},{"id":"13","employee_name":"Charde Marshall","employee_salary":"470600","employee_age":"36","profile_image":""},{"id":"14","employee_name":"Haley Kennedy","employee_salary":"313500","employee_age":"43","profile_image":""},{"id":"15","employee_name":"Tatyana Fitzpatrick","employee_salary":"385750","employee_age":"19","profile_image":""},{"id":"16","employee_name":"Michael Silva","employee_salary":"198500","employee_age":"66","profile_image":""},{"id":"17","employee_name":"Paul Byrd","employee_salary":"725000","employee_age":"64","profile_image":""},{"id":"18","employee_name":"Gloria Little","employee_salary":"237500","employee_age":"59","profile_image":""},{"id":"19","employee_name":"Bradley Greer","employee_salary":"132000","employee_age":"41","profile_image":""},{"id":"20","employee_name":"Dai Rios","employee_salary":"217500","employee_age":"35","profile_image":""},{"id":"21","employee_name":"Jenette Caldwell","employee_salary":"345000","employee_age":"30","profile_image":""},{"id":"22","employee_name":"Yuri Berry","employee_salary":"675000","employee_age":"40","profile_image":""},{"id":"23","employee_name":"Caesar Vance","employee_salary":"106450","employee_age":"21","profile_image":""},{"id":"24","employee_name":"Doris Wilder","employee_salary":"85600","employee_age":"23","profile_image":""}]}
2020-05-03 13:39:20 INFO  EmployeeBasepakchage:41 - ***********  Checking Status Code **********
2020-05-03 13:39:20 INFO  EmployeeBasepakchage:44 - Status Code is ==>200
2020-05-03 13:39:20 INFO  EmployeeBasepakchage:102 - ***********  Checking Content Encoding**********
2020-05-03 13:39:20 INFO  EmployeeBasepakchage:105 - Content Encoding is==>gzip
2020-05-03 13:39:20 INFO  EmployeeBasepakchage:91 - ***********  Checking Server Type **********
2020-05-03 13:39:20 INFO  EmployeeBasepakchage:94 - Server Type is =>nginx/1.16.0
2020-05-03 13:39:20 INFO  EmployeeBasepakchage:68 - ***********  Checking Status Line **********
2020-05-03 13:39:20 INFO  EmployeeBasepakchage:71 - Status Line is ==>HTTP/1.1 200 OK
2020-05-03 13:39:20 INFO  EmployeeBasepakchage:139 - *********  Finished TC001_Get_All_Employees **********
2020-05-03 13:39:20 INFO  EmployeeBasepakchage:16 - *********Started TC002_Get_Single_Employee_Record **********
2020-05-03 13:39:26 INFO  EmployeeBasepakchage:28 - Response body started
2020-05-03 13:39:26 INFO  EmployeeBasepakchage:30 - Response is {"status":"failed","message":"Oops! someting issue found to fetch record."}
2020-05-03 13:39:26 INFO  EmployeeBasepakchage:81 - *********  Finished TC002_Get_Single_Employee_Record **********
2020-05-03 13:39:26 INFO  EmployeeBasepakchage:25 - *********Started TC003_Post_Employee_Record **********
2020-05-03 13:39:32 INFO  EmployeeBasepakchage:53 - Responce body started
2020-05-03 13:39:32 INFO  EmployeeBasepakchage:56 - Responce body is{"status":"success","data":{"name":"Johnc","salary":"21710","age":"80","id":46}}
2020-05-03 13:39:32 INFO  EmployeeBasepakchage:102 - *********  Finished TC003_Post_Employee_Record **********
2020-05-03 13:39:32 INFO  EmployeeBasepakchage:17 - *********Started TC005_Delete_Employee_Record **********
2020-05-03 13:39:37 INFO  EmployeeBasepakchage:82 - *********  Finished TC005_Delete_Employee_Record **********
2020-05-03 13:43:44 INFO  EmployeeBasepakchage:25 - *********Started TC003_Post_Employee_Record **********
2020-05-03 13:43:52 INFO  EmployeeBasepakchage:53 - Responce body started
2020-05-03 13:43:52 INFO  EmployeeBasepakchage:56 - Responce body is{"status":"success","data":{"name":"Johns","salary":"58373","age":"42","id":90}}
2020-05-03 13:43:52 INFO  EmployeeBasepakchage:102 - *********  Finished TC003_Post_Employee_Record **********
2020-10-07 13:15:12 INFO  EmployeeBasepakchage:22 - insidetesting data checking data is there
2020-10-07 13:15:14 INFO  EmployeeBasepakchage:37 - inside method check data checking the data
2020-10-07 13:15:14 INFO  EmployeeBasepakchage:61 - checking status code to be 200
2020-10-07 13:15:14 INFO  EmployeeBasepakchage:69 - checking time taken ======
2020-10-07 13:15:14 INFO  EmployeeBasepakchage:76 - end of test cases
2020-10-07 13:16:33 INFO  EmployeeBasepakchage:22 - insidetesting data checking data is there
2020-10-07 13:16:36 INFO  EmployeeBasepakchage:37 - inside method check data checking the data
2020-10-07 13:16:36 INFO  EmployeeBasepakchage:76 - end of test cases
2020-10-07 13:16:56 INFO  EmployeeBasepakchage:22 - insidetesting data checking data is there
2020-10-07 13:16:57 INFO  EmployeeBasepakchage:37 - inside method check data checking the data
2020-10-07 13:16:57 INFO  EmployeeBasepakchage:76 - end of test cases
2020-10-07 13:17:29 INFO  EmployeeBasepakchage:22 - insidetesting data checking data is there
2020-10-07 13:17:31 INFO  EmployeeBasepakchage:37 - inside method check data checking the data
2020-10-07 13:17:31 INFO  EmployeeBasepakchage:76 - end of test cases
2020-10-07 13:18:07 INFO  EmployeeBasepakchage:22 - insidetesting data checking data is there
2020-10-07 13:18:09 INFO  EmployeeBasepakchage:37 - inside method check data checking the data
2020-10-07 13:18:09 INFO  EmployeeBasepakchage:76 - end of test cases
2020-10-07 13:18:37 INFO  EmployeeBasepakchage:22 - insidetesting data checking data is there
2020-10-07 13:18:39 INFO  EmployeeBasepakchage:37 - inside method check data checking the data
2020-10-07 13:18:39 INFO  EmployeeBasepakchage:76 - end of test cases
2020-10-07 13:20:05 INFO  EmployeeBasepakchage:22 - insidetesting data checking data is there
2020-10-07 13:20:07 INFO  EmployeeBasepakchage:37 - inside method check data checking the data
2020-10-07 13:20:07 INFO  EmployeeBasepakchage:76 - end of test cases
2020-10-07 13:20:23 INFO  EmployeeBasepakchage:22 - insidetesting data checking data is there
2020-10-07 13:20:25 INFO  EmployeeBasepakchage:37 - inside method check data checking the data
2020-10-07 13:20:25 INFO  EmployeeBasepakchage:76 - end of test cases
2020-10-07 13:23:10 INFO  EmployeeBasepakchage:22 - insidetesting data checking data is there
2020-10-07 13:23:12 INFO  EmployeeBasepakchage:37 - inside method check data checking the data
2020-10-07 13:23:12 INFO  EmployeeBasepakchage:77 - end of test cases
2020-10-07 13:23:12 INFO  EmployeeBasepakchage:18 - *********Started TC001_Get_All_Employees **********
2020-10-07 13:23:12 INFO  EmployeeBasepakchage:115 - ***********  Checking Content Lenght**********
2020-10-07 13:23:12 INFO  EmployeeBasepakchage:118 - Content Length is==>595
2020-10-07 13:23:12 INFO  EmployeeBasepakchage:82 - ***********  Checking Content Type **********
2020-10-07 13:23:12 INFO  EmployeeBasepakchage:85 - Content type is ==>application/json;charset=utf-8
2020-10-07 13:23:12 INFO  EmployeeBasepakchage:130 - ***********  Checking Cookies **********
2020-10-07 13:23:12 INFO  EmployeeBasepakchage:53 - ***********  Checking Response Time **********
2020-10-07 13:23:12 INFO  EmployeeBasepakchage:56 - Response Time is ==>539
2020-10-07 13:23:12 INFO  EmployeeBasepakchage:31 - ***********  Checking Respose Body **********
2020-10-07 13:23:12 INFO  EmployeeBasepakchage:34 - Response Body==>{"status":"success","data":[{"id":"1","employee_name":"Tiger Nixon","employee_salary":"320800","employee_age":"61","profile_image":""},{"id":"2","employee_name":"Garrett Winters","employee_salary":"170750","employee_age":"63","profile_image":""},{"id":"3","employee_name":"Ashton Cox","employee_salary":"86000","employee_age":"66","profile_image":""},{"id":"4","employee_name":"Cedric Kelly","employee_salary":"433060","employee_age":"22","profile_image":""},{"id":"5","employee_name":"Airi Satou","employee_salary":"162700","employee_age":"33","profile_image":""},{"id":"6","employee_name":"Brielle Williamson","employee_salary":"372000","employee_age":"61","profile_image":""},{"id":"7","employee_name":"Herrod Chandler","employee_salary":"137500","employee_age":"59","profile_image":""},{"id":"8","employee_name":"Rhona Davidson","employee_salary":"327900","employee_age":"55","profile_image":""},{"id":"9","employee_name":"Colleen Hurst","employee_salary":"205500","employee_age":"39","profile_image":""},{"id":"10","employee_name":"Sonya Frost","employee_salary":"103600","employee_age":"23","profile_image":""},{"id":"11","employee_name":"Jena Gaines","employee_salary":"90560","employee_age":"30","profile_image":""},{"id":"12","employee_name":"Quinn Flynn","employee_salary":"342000","employee_age":"22","profile_image":""},{"id":"13","employee_name":"Charde Marshall","employee_salary":"470600","employee_age":"36","profile_image":""},{"id":"14","employee_name":"Haley Kennedy","employee_salary":"313500","employee_age":"43","profile_image":""},{"id":"15","employee_name":"Tatyana Fitzpatrick","employee_salary":"385750","employee_age":"19","profile_image":""},{"id":"16","employee_name":"Michael Silva","employee_salary":"198500","employee_age":"66","profile_image":""},{"id":"17","employee_name":"Paul Byrd","employee_salary":"725000","employee_age":"64","profile_image":""},{"id":"18","employee_name":"Gloria Little","employee_salary":"237500","employee_age":"59","profile_image":""},{"id":"19","employee_name":"Bradley Greer","employee_salary":"132000","employee_age":"41","profile_image":""},{"id":"20","employee_name":"Dai Rios","employee_salary":"217500","employee_age":"35","profile_image":""},{"id":"21","employee_name":"Jenette Caldwell","employee_salary":"345000","employee_age":"30","profile_image":""},{"id":"22","employee_name":"Yuri Berry","employee_salary":"675000","employee_age":"40","profile_image":""},{"id":"23","employee_name":"Caesar Vance","employee_salary":"106450","employee_age":"21","profile_image":""},{"id":"24","employee_name":"Doris Wilder","employee_salary":"85600","employee_age":"23","profile_image":""}]}
2020-10-07 13:23:12 INFO  EmployeeBasepakchage:42 - ***********  Checking Status Code **********
2020-10-07 13:23:12 INFO  EmployeeBasepakchage:45 - Status Code is ==>200
2020-10-07 13:23:12 INFO  EmployeeBasepakchage:103 - ***********  Checking Content Encoding**********
2020-10-07 13:23:12 INFO  EmployeeBasepakchage:106 - Content Encoding is==>gzip
2020-10-07 13:23:12 INFO  EmployeeBasepakchage:92 - ***********  Checking Server Type **********
2020-10-07 13:23:12 INFO  EmployeeBasepakchage:95 - Server Type is =>nginx/1.16.0
2020-10-07 13:23:12 INFO  EmployeeBasepakchage:69 - ***********  Checking Status Line **********
2020-10-07 13:23:12 INFO  EmployeeBasepakchage:72 - Status Line is ==>HTTP/1.1 200 OK
2020-10-07 13:23:12 INFO  EmployeeBasepakchage:140 - *********  Finished TC001_Get_All_Employees **********
2020-10-07 13:23:12 INFO  EmployeeBasepakchage:16 - *********Started TC002_Get_Single_Employee_Record **********
2020-10-07 13:23:18 INFO  EmployeeBasepakchage:28 - Response body started
2020-10-07 13:23:18 INFO  EmployeeBasepakchage:30 - Response is <!DOCTYPE html>
<html lang="en">
    <head><meta charset="utf-8">
<script data-ezscrex='false' data-cfasync='false' data-pagespeed-no-defer>var __ez=__ez||{};__ez.stms=Date.now();__ez.evt={};__ez.script={};__ez.ck=__ez.ck||{};__ez.template={};__ez.template.isOrig=false;__ez.queue=(function(){var count=0,incr=0,items=[],timeDelayFired=false,hpItems=[],lpItems=[],allowLoad=true;var obj={func:function(name,funcName,parameters,isBlock,blockedBy,deleteWhenComplete,proceedIfError){var self=this;this.name=name;this.funcName=funcName;this.parameters=parameters===null?null:(parameters instanceof Array)?parameters:[parameters];this.isBlock=isBlock;this.blockedBy=blockedBy;this.deleteWhenComplete=deleteWhenComplete;this.isError=false;this.isComplete=false;this.isInitialized=false;this.proceedIfError=proceedIfError;this.isTimeDelay=false;this.process=function(){log("... func = "+name);self.isInitialized=true;self.isComplete=true;log("... func.apply: "+name);var funcs=self.funcName.split('.');var func=null;if(funcs.length>3){}else if(funcs.length===3){func=window[funcs[0]][funcs[1]][funcs[2]];}else if(funcs.length===2){func=window[funcs[0]][funcs[1]];}else{func=window[self.funcName];}
if(typeof func!=='undefined'&&func!==null){func.apply(null,this.parameters);}
if(self.deleteWhenComplete===true)delete items[name];if(self.isBlock===true){log("----- F'D: "+self.name);processAll();}}},file:function(name,path,isBlock,blockedBy,async,defer,proceedIfError){var self=this;this.name=name;this.path=path;this.async=async;this.defer=defer;this.isBlock=isBlock;this.blockedBy=blockedBy;this.isInitialized=false;this.isError=false;this.isComplete=false;this.proceedIfError=proceedIfError;this.isTimeDelay=false;this.process=function(){self.isInitialized=true;log("... file = "+name);var scr=document.createElement('script');scr.src=path;if(async===true)scr.async=true;else if(defer===true)scr.defer=true;scr.onerror=function(){log("----- ERR'D: "+self.name);self.isError=true;if(self.isBlock===true){processAll();}};scr.onreadystatechange=scr.onload=function(){var state=scr.readyState;log("----- F'D: "+self.name);if((!state||/loaded|complete/.test(state))){self.isComplete=true;if(self.isBlock===true){processAll();}}};document.getElementsByTagName('head')[0].appendChild(scr);}}};function init(){window.addEventListener("load",function(){setTimeout(function(){timeDelayFired=true;log('TDELAY -----');processAll();},5000);},false);}
function addFile(name,path,isBlock,blockedBy,async,defer,proceedIfError,priority){var item=new obj.file(name,path,isBlock,blockedBy,async,defer,proceedIfError);if(priority===true){hpItems[name]=item}else{lpItems[name]=item}
items[name]=item;checkIfBlocked(item);}
function setallowLoad(settobool){allowLoad=settobool}
function addFunc(name,func,parameters,isBlock,blockedBy,autoInc,deleteWhenComplete,proceedIfError,priority){if(autoInc===true)name=name+"_"+incr++;var item=new obj.func(name,func,parameters,isBlock,blockedBy,deleteWhenComplete,proceedIfError);if(priority===true){hpItems[name]=item}else{lpItems[name]=item}
items[name]=item;checkIfBlocked(item);}
function addTimeDelayFile(name,path){var item=new obj.file(name,path,false,[],false,false,true);item.isTimeDelay=true;log(name+' ... '+' FILE! TDELAY');lpItems[name]=item;items[name]=item;checkIfBlocked(item);}
function addTimeDelayFunc(name,func,parameters){var item=new obj.func(name,func,parameters,false,[],true,true);item.isTimeDelay=true;log(name+' ... '+' FUNCTION! TDELAY');lpItems[name]=item;items[name]=item;checkIfBlocked(item);}
function checkIfBlocked(item){if(isBlocked(item)===true||allowLoad==false)return;item.process();}
function isBlocked(item){if(item.isTimeDelay===true&&timeDelayFired===false){log(item.name+" blocked = TIME DELAY!");return true;}
if(item.blockedBy instanceof Array){for(var i=0;i<item.blockedBy.length;i++){var block=item.blockedBy[i];if(items.hasOwnProperty(block)===false){log(item.name+" blocked = "+block);return true;}else if(item.proceedIfError===true&&items[block].isError===true){return false;}else if(items[block].isComplete===false){log(item.name+" blocked = "+block);return true;}}}
return false;}
function log(msg){var href=window.location.href;var reg=new RegExp('[?&]ezq=([^&#]*)','i');var string=reg.exec(href);var res=string?string[1]:null;if(res==="1")console.debug(msg);}
function processAll(){count++;if(count>200)return;log("let's go");processItems(hpItems);processItems(lpItems);}
function processItems(list){for(var i in list){if(list.hasOwnProperty(i)===false)continue;var item=list[i];if(item.isComplete===true||isBlocked(item)||item.isInitialized===true||item.isError===true){if(item.isError===true){log(item.name+': error')}else if(item.isComplete===true){log(item.name+': complete already')}else if(item.isInitialized===true){log(item.name+': initialized already')}}else{item.process();}}}
init();return{addFile:addFile,addDelayFile:addTimeDelayFile,addFunc:addFunc,addDelayFunc:addTimeDelayFunc,items:items,processAll:processAll,setallowLoad:setallowLoad};})();__ez.evt.add=function(e,t,n){e.addEventListener?e.addEventListener(t,n,!1):e.attachEvent?e.attachEvent("on"+t,n):e["on"+t]=n()},__ez.evt.remove=function(e,t,n){e.removeEventListener?e.removeEventListener(t,n,!1):e.detachEvent?e.detachEvent("on"+t,n):delete e["on"+t]};__ez.script.add=function(e){var t=document.createElement("script");t.src=e,t.async=!0,t.type="text/javascript",document.getElementsByTagName("head")[0].appendChild(t)};__ez.queue.addFile('/detroitchicago/boise.js', '/detroitchicago/boise.js?gcb=191-6&cb=1', false, [], true, false, true, false);__ez.dot={};__ez.queue.addFile('/detroitchicago/memphis.js', '/detroitchicago/memphis.js?gcb=191-6&cb=1', false, [], true, false, true, false);__ez.queue.addFile('/detroitchicago/minneapolis.js', '/detroitchicago/minneapolis.js?gcb=191-6&cb=1', false, [], true, false, true, false);__ez.vep=(function(){var pixels=[],pxURL="/detroitchicago/grapefruit.gif";function AddPixel(vID,pixelData){if(__ez.dot.isDefined(vID)&&__ez.dot.isValid(pixelData)){pixels.push({type:'video',video_impression_id:vID,domain_id:__ez.dot.getDID(),t_epoch:__ez.dot.getEpoch(0),data:__ez.dot.dataToStr(pixelData)});}}
function Fire(){if(typeof document.visibilityState!=='undefined'&&document.visibilityState==="prerender"){return;}
if(__ez.dot.isDefined(pixels)&&pixels.length>0){while(pixels.length>0){var j=5;if(j>pixels.length){j=pixels.length;}
var pushPixels=pixels.splice(0,j);(new Image()).src=__ez.dot.getURL(pxURL)+"?orig="+(__ez.template.isOrig===true?1:0)+"&v="+btoa(JSON.stringify(pushPixels));}}
pixels=[];}
return{Add:AddPixel,Fire:Fire};})();</script><script data-ezscrex='false' data-cfasync='false' data-pagespeed-no-defer>__ez.pel=(function(){var pixels=[],pxURL="/porpoiseant/army.gif";function AddAndFirePixel(adSlot,pixelData){AddPixel(adSlot,pixelData,0,0,0,0,0);Fire();}
function GetCurrentPixels(){return pixels;}
function AddPixel(adSlot,pixelData,revenue,est_revenue,bid_floor_filled,bid_floor_prev,stat_source_id){if(!__ez.dot.isDefined(adSlot)||__ez.dot.isAnyDefined(adSlot.getSlotElementId,adSlot.ElementId)==false){return;}
var ad_position_id=parseInt(__ez.dot.getTargeting(adSlot,'ap'));var impId=__ez.dot.getSlotIID(adSlot),adUnit=__ez.dot.getAdUnit(adSlot);var compId=parseInt(__ez.dot.getTargeting(adSlot,"compid"));var lineItemId=0;var creativeId=0;var ezimData=getEzimData(adSlot);if(typeof ezimData=='object'){if(ezimData.creative_id!==undefined){creativeId=ezimData.creative_id;}
if(ezimData.line_item_id!==undefined){lineItemId=ezimData.line_item_id;}}
if(__ez.dot.isDefined(impId,adUnit)&&__ez.dot.isValid(pixelData)){pixels.push({type:"impression",impression_id:impId,domain_id:__ez.dot.getDID(),unit:adUnit,t_epoch:__ez.dot.getEpoch(0),revenue:revenue,est_revenue:est_revenue,ad_position:ad_position_id,ad_size:"",bid_floor_filled:bid_floor_filled,bid_floor_prev:bid_floor_prev,stat_source_id:stat_source_id,country_code:__ez.dot.getCC(),pageview_id:__ez.dot.getPageviewId(),comp_id:compId,line_item_id:lineItemId,creative_id:creativeId,data:__ez.dot.dataToStr(pixelData)});}}
function AddPixelById(impFullId,pixelData){var vals=impFullId.split('/');if(__ez.dot.isDefined(impFullId)&&vals.length===3&&__ez.dot.isValid(pixelData)){var adUnit=vals[0],impId=vals[2];pixels.push({type:"impression",impression_id:impId,domain_id:__ez.dot.getDID(),unit:adUnit,t_epoch:__ez.dot.getEpoch(0),pageview_id:__ez.dot.getPageviewId(),data:__ez.dot.dataToStr(pixelData)});}}
function Fire(){if(typeof document.visibilityState!=='undefined'&&document.visibilityState==="prerender")return;if(__ez.dot.isDefined(pixels)&&pixels.length>0){while(pixels.length>0){var j=5;if(j>pixels.length){j=pixels.length;}
var pushPixels=pixels.splice(0,j);var pixelURL=__ez.dot.getURL(pxURL)+"?orig="+(__ez.template.isOrig===true?1:0)+"&sts="+btoa(JSON.stringify(pushPixels));if(typeof window.isAmp!=='undefined'&&isAmp&&typeof window._ezaq!=='undefined'&&_ezaq.hasOwnProperty("domain_id")){pixelURL+="&visit_uuid="+_ezaq['visit_uuid'];}
(new Image()).src=pixelURL;}}
pixels=[];}
function getEzimData(adSlot){if(typeof _ezim_d=="undefined"){return false}
var adUnitName=__ez.dot.getAdUnitPath(adSlot).split('/').pop();if(typeof _ezim_d==='object'&&_ezim_d.hasOwnProperty(adUnitName)){return _ezim_d[adUnitName];}
for(var ezimKey in _ezim_d){if(ezimKey.split('/').pop()===adUnitName){return _ezim_d[ezimKey];}}
return false;}
return{Add:AddPixel,AddAndFire:AddAndFirePixel,AddById:AddPixelById,Fire:Fire,GetPixels:GetCurrentPixels,};})();__ez.queue.addFile('/detroitchicago/raleigh.js', '/detroitchicago/raleigh.js?gcb=191-6&cb=1', false, [], true, false, true, false);__ez.queue.addFile('/detroitchicago/tampa.js', '/detroitchicago/tampa.js?gcb=191-6&cb=1', false, [], true, false, true, false);</script>
<script data-ezscrex="false" type="text/javascript" data-cfasync="false">var _ezaq = {"ad_cache_level":0,"ad_count_adjustment":0,"ad_lazyload_version":0,"ad_location_ids":"","ad_transform_level":0,"adx_ad_count":0,"bidder_method":1,"bidder_version":3,"city":"Delhi","country":"IN","days_since_last_visit":-1,"display_ad_count":0,"domain_id":133674,"ds_adsize_opt_id":-1,"engaged_time_visit":0,"ezcache_level":1,"forensiq_score":-1,"form_factor_id":1,"framework_id":1,"has_bad_image":0,"has_bad_words":0,"iab_category":"","is_from_recommended_pages":false,"is_return_visitor":false,"is_sitespeed":0,"last_page_load":"","last_pageview_id":"","lt_cache_level":0,"max_ads":0,"metro_code":0,"optimization_version":1,"page_ad_positions":"","page_view_count":0,"page_view_id":"5da7513b-ab42-4a51-6ccd-1ffd157f6cbe","position_selection_id":0,"postal_code":"110054","pv_event_count":0,"response_time_orig":1034,"serverid":"13.126.227.61:32759","state":"DL","sub_page_ad_positions":"","t_epoch":1602057192,"template_id":0,"time_on_site_visit":0,"url":"http://dummy.restapiexample.com/api/v1/employee/22","user_id":0,"word_count":0,"worst_bad_word_level":0};var _ezim_d = null;var _ezat = {"domain_id":133674,"form_factor_id":1,"framework_id":1,"pageview_date":"2020-10-07","pageview_id":"5da7513b-ab42-4a51-6ccd-1ffd157f6cbe","template_id":0,"url":"http://dummy.restapiexample.com/api/v1/employee/22","visit_uuid":"7a89cddf-f590-4196-7583-c97a87c26510"};</script><script data-ezscrex='false' data-pagespeed-no-defer data-cfasync='false' type="text/javascript">__ez.queue.addFile('banger.js', '/porpoiseant/banger.js?cb=191-6&bv=86&v=35&PageSpeed=off', true, [], true, false, false, true);</script>
<script data-ezscrex="false" data-cfasync="false">(function(){if("function"===typeof window.CustomEvent)return!1;window.CustomEvent=function(c,a){a=a||{bubbles:!1,cancelable:!1,detail:null};var b=document.createEvent("CustomEvent");b.initCustomEvent(c,a.bubbles,a.cancelable,a.detail);return b}})();</script><script data-ezscrex="false" data-cfasync="false">__ez.queue.addFile('/detroitchicago/tulsa.js', '/detroitchicago/tulsa.js?gcb=191-6&cb=2', false, [], true, false, true, false);</script>
        
        <meta name="viewport" content="width=device-width, initial-scale=1">

        <title>Too Many Requests</title>

        <!-- Fonts -->
        <link rel="dns-prefetch" href="//fonts.gstatic.com">
        <link href="https://fonts.googleapis.com/css?family=Nunito" rel="stylesheet">

        <!-- Styles -->
        <style>
            html, body {
                background-color: #fff;
                color: #636b6f;
                font-family: 'Nunito', sans-serif;
                font-weight: 100;
                height: 100vh;
                margin: 0;
            }

            .full-height {
                height: 100vh;
            }

            .flex-center {
                align-items: center;
                display: flex;
                justify-content: center;
            }

            .position-ref {
                position: relative;
            }

            .code {
                border-right: 2px solid;
                font-size: 26px;
                padding: 0 15px 0 15px;
                text-align: center;
            }

            .message {
                font-size: 18px;
                text-align: center;
            }
        </style>
    
<script data-ezscrex="false" data-cfasync="false" type="text/javascript">window.google_analytics_uacct = "UA-131129777-14";</script>
<script data-ezscrex="false" data-cfasync="false" type="text/javascript">
var _gaq = _gaq || [];
_gaq.push(function(){
	_gat._createTracker('UA-131129777-14', 'e');
});
_gaq.push(function(){
	_gat._createTracker('UA-38339005-1', 'f');
});
_gaq.push(['e._setDomainName', 'restapiexample.com']);
_gaq.push(['f._setDomainName', 'restapiexample.com']);
_gaq.push(['e._setCustomVar',1,'template','pub_site_noads',3]);
_gaq.push(['e._setCustomVar',2,'t','147',3]);
_gaq.push(['e._setCustomVar',3,'rid','0',2]);
_gaq.push(['e._setCustomVar',4,'bra','mod61',3]);
_gaq.push(['e._setAllowAnchor',true]);
_gaq.push(['e._setSiteSpeedSampleRate', 10]);
_gaq.push(['f._setCustomVar',1,'template','pub_site_noads',3]);
_gaq.push(['f._setCustomVar',2,'domain','restapiexample.com',3]);
_gaq.push(['f._setSiteSpeedSampleRate', 20]);
_gaq.push(['e._trackPageview']);
_gaq.push(['f._trackPageview']);


(function() {
 var ga = document.createElement('script'); ga.type = 'text/javascript'; ga.async = true;
 ga.src = ('https:' == document.location.protocol ? 'https://ssl' : 'http://www') + '.google-analytics.com/ga.js';
 var s = document.getElementsByTagName('script')[0]; s.parentNode.insertBefore(ga, s);
})();
</script>
<script type="text/javascript">var ezouid = "1";</script><base href="http://dummy.restapiexample.com/api/v1/employee/22"><script type='text/javascript'>
var ezoTemplate = 'pub_site_noads';
if(typeof ezouid == 'undefined')
{
    var ezouid = 'none';
}
var ezoFormfactor = '1';
var ezo_elements_to_check = Array();
</script><!-- START EZHEAD -->
<script data-ezscrex="false" type='text/javascript'>
var soc_app_id = '0';
var did = 133674;
var ezdomain = 'restapiexample.com';
var ezoicSearchable = 1;
</script>
<!--{jquery}-->
<!-- END EZHEAD -->
<script data-ezscrex='false' data-pagespeed-no-defer data-cfasync='false' type='text/javascript' style='display:none'>
__ez.queue.addFile('__ezf_ezosuigeneris', '//g.ezoic.net/ezosuigeneris.js', true, [], true, false, false, false);
var __ez_ezosuigenerisEvt = function() { if(typeof(ezosuigeneris) != 'undefined'){__ez.bit.AddAndFire(_ezaq['page_view_id'], [(new __ezDotData('universal_user_id', ezosuigeneris))]); }};
__ez.queue.addFunc('__ez_ezosuigenerisEvt', '__ez_ezosuigenerisEvt', null, false, ['__ezf_ezosuigeneris','/detroitchicago/minneapolis.js','/detroitchicago/memphis.js'], false, false, false, false);</script><script data-ezscrex='false' data-pagespeed-no-defer data-cfasync='false' type='text/javascript' style='display:none'>__ez.queue.addFile('__ezf_ezosuigenerisc', '//g.ezoic.net/ezosuigenerisc.js?nogen=1', true, ["/detroitchicago/boise.js"], true, false, false, false);</script>
<script data-ezscrex='false' data-pagespeed-no-defer data-cfasync='false'>
function create_ezolpl(pvID, rv) {
    var d = new Date();
    d.setTime(d.getTime() + (365*24*60*60*1000));
    var expires = "expires="+d.toUTCString();
    __ez.ck.setByCat("ezux_lpl_133674=" + new Date().getTime() + "|" + pvID + "|" + rv + "; " + expires, 3);
}
function attach_ezolpl(pvID, rv) {
    if (document.readyState === "complete") {
        create_ezolpl(pvID, rv);
    }
    if(window.attachEvent) {
        window.attachEvent("onload", create_ezolpl, pvID, rv);
    } else {
        if(window.onload) {
            var curronload = window.onload;
            var newonload = function(evt) {
                curronload(evt);
                create_ezolpl(pvID, rv);
            };
            window.onload = newonload;
        } else {
            window.onload = create_ezolpl.bind(null, pvID, rv);
        }
    }
}

__ez.queue.addFunc("attach_ezolpl", "attach_ezolpl", ["5da7513b-ab42-4a51-6ccd-1ffd157f6cbe", "false"], false, ['/detroitchicago/boise.js'], true, false, false, false);
</script></head>
    <body>
        <div class="flex-center position-ref full-height">
            <div class="code">
                429            </div>

            <div class="message" style="padding: 10px;">
                Too Many Requests            </div>
        </div>
    <script type="text/javascript" style='display:none;'>var __ez_dims = (function() {
		var setCookie = function( name, content, expiry ) {
			return document.cookie = name+'='+content+((expiry)?';expires='+(new Date(Math.floor(new Date().getTime()+expiry*1000)).toUTCString()):'')+';path=/';
		};
		var ffid = 1;
		var oh = window.screen.height;
		var ow = window.screen.width;
		var h = ffid === 1 ? oh : (oh > ow) ? oh : ow;
		var w = ffid === 1 ? ow : (oh > ow) ? ow : oh;
		var uh = window.innerHeight || document.documentElement.clientHeight || document.getElementsByTagName('body')[0].clientHeight;
		var uw = window.innerWidth || document.documentElement.clientWidth || document.getElementsByTagName('body')[0].clientWidth;
		setCookie('ezds', encodeURIComponent('ffid='+ffid+',w='+w+',h='+h), (31536e3*7));
		setCookie('ezohw', encodeURIComponent('w='+uw+',h='+uh), (31536e3*7));
	})();</script><script type='text/javascript' style='display:none;' async>
__ez.queue.addFile('edmonton.php', '/detroitchicago/edmonton.webp?a=a&cb=191-6&shcb=34', true, ['/detroitchicago/minneapolis.js'], true, false, false, false);
__ez.queue.addFile('jellyfish.php', '/porpoiseant/jellyfish.webp?a=a&cb=191-6&shcb=34', false, [], true, false, false, false);
</script>

<script type='text/javascript' data-cfasync='false'></script></body>
</html>

2020-10-07 13:23:18 INFO  EmployeeBasepakchage:81 - *********  Finished TC002_Get_Single_Employee_Record **********
2020-10-07 13:23:18 INFO  EmployeeBasepakchage:25 - *********Started TC003_Post_Employee_Record **********
2020-10-07 13:23:24 INFO  EmployeeBasepakchage:53 - Responce body started
2020-10-07 13:23:24 INFO  EmployeeBasepakchage:56 - Responce body is<!DOCTYPE html>
<html lang="en">
    <head><meta charset="utf-8">
<script data-ezscrex='false' data-cfasync='false' data-pagespeed-no-defer>var __ez=__ez||{};__ez.stms=Date.now();__ez.evt={};__ez.script={};__ez.ck=__ez.ck||{};__ez.template={};__ez.template.isOrig=false;__ez.queue=(function(){var count=0,incr=0,items=[],timeDelayFired=false,hpItems=[],lpItems=[],allowLoad=true;var obj={func:function(name,funcName,parameters,isBlock,blockedBy,deleteWhenComplete,proceedIfError){var self=this;this.name=name;this.funcName=funcName;this.parameters=parameters===null?null:(parameters instanceof Array)?parameters:[parameters];this.isBlock=isBlock;this.blockedBy=blockedBy;this.deleteWhenComplete=deleteWhenComplete;this.isError=false;this.isComplete=false;this.isInitialized=false;this.proceedIfError=proceedIfError;this.isTimeDelay=false;this.process=function(){log("... func = "+name);self.isInitialized=true;self.isComplete=true;log("... func.apply: "+name);var funcs=self.funcName.split('.');var func=null;if(funcs.length>3){}else if(funcs.length===3){func=window[funcs[0]][funcs[1]][funcs[2]];}else if(funcs.length===2){func=window[funcs[0]][funcs[1]];}else{func=window[self.funcName];}
if(typeof func!=='undefined'&&func!==null){func.apply(null,this.parameters);}
if(self.deleteWhenComplete===true)delete items[name];if(self.isBlock===true){log("----- F'D: "+self.name);processAll();}}},file:function(name,path,isBlock,blockedBy,async,defer,proceedIfError){var self=this;this.name=name;this.path=path;this.async=async;this.defer=defer;this.isBlock=isBlock;this.blockedBy=blockedBy;this.isInitialized=false;this.isError=false;this.isComplete=false;this.proceedIfError=proceedIfError;this.isTimeDelay=false;this.process=function(){self.isInitialized=true;log("... file = "+name);var scr=document.createElement('script');scr.src=path;if(async===true)scr.async=true;else if(defer===true)scr.defer=true;scr.onerror=function(){log("----- ERR'D: "+self.name);self.isError=true;if(self.isBlock===true){processAll();}};scr.onreadystatechange=scr.onload=function(){var state=scr.readyState;log("----- F'D: "+self.name);if((!state||/loaded|complete/.test(state))){self.isComplete=true;if(self.isBlock===true){processAll();}}};document.getElementsByTagName('head')[0].appendChild(scr);}}};function init(){window.addEventListener("load",function(){setTimeout(function(){timeDelayFired=true;log('TDELAY -----');processAll();},5000);},false);}
function addFile(name,path,isBlock,blockedBy,async,defer,proceedIfError,priority){var item=new obj.file(name,path,isBlock,blockedBy,async,defer,proceedIfError);if(priority===true){hpItems[name]=item}else{lpItems[name]=item}
items[name]=item;checkIfBlocked(item);}
function setallowLoad(settobool){allowLoad=settobool}
function addFunc(name,func,parameters,isBlock,blockedBy,autoInc,deleteWhenComplete,proceedIfError,priority){if(autoInc===true)name=name+"_"+incr++;var item=new obj.func(name,func,parameters,isBlock,blockedBy,deleteWhenComplete,proceedIfError);if(priority===true){hpItems[name]=item}else{lpItems[name]=item}
items[name]=item;checkIfBlocked(item);}
function addTimeDelayFile(name,path){var item=new obj.file(name,path,false,[],false,false,true);item.isTimeDelay=true;log(name+' ... '+' FILE! TDELAY');lpItems[name]=item;items[name]=item;checkIfBlocked(item);}
function addTimeDelayFunc(name,func,parameters){var item=new obj.func(name,func,parameters,false,[],true,true);item.isTimeDelay=true;log(name+' ... '+' FUNCTION! TDELAY');lpItems[name]=item;items[name]=item;checkIfBlocked(item);}
function checkIfBlocked(item){if(isBlocked(item)===true||allowLoad==false)return;item.process();}
function isBlocked(item){if(item.isTimeDelay===true&&timeDelayFired===false){log(item.name+" blocked = TIME DELAY!");return true;}
if(item.blockedBy instanceof Array){for(var i=0;i<item.blockedBy.length;i++){var block=item.blockedBy[i];if(items.hasOwnProperty(block)===false){log(item.name+" blocked = "+block);return true;}else if(item.proceedIfError===true&&items[block].isError===true){return false;}else if(items[block].isComplete===false){log(item.name+" blocked = "+block);return true;}}}
return false;}
function log(msg){var href=window.location.href;var reg=new RegExp('[?&]ezq=([^&#]*)','i');var string=reg.exec(href);var res=string?string[1]:null;if(res==="1")console.debug(msg);}
function processAll(){count++;if(count>200)return;log("let's go");processItems(hpItems);processItems(lpItems);}
function processItems(list){for(var i in list){if(list.hasOwnProperty(i)===false)continue;var item=list[i];if(item.isComplete===true||isBlocked(item)||item.isInitialized===true||item.isError===true){if(item.isError===true){log(item.name+': error')}else if(item.isComplete===true){log(item.name+': complete already')}else if(item.isInitialized===true){log(item.name+': initialized already')}}else{item.process();}}}
init();return{addFile:addFile,addDelayFile:addTimeDelayFile,addFunc:addFunc,addDelayFunc:addTimeDelayFunc,items:items,processAll:processAll,setallowLoad:setallowLoad};})();__ez.evt.add=function(e,t,n){e.addEventListener?e.addEventListener(t,n,!1):e.attachEvent?e.attachEvent("on"+t,n):e["on"+t]=n()},__ez.evt.remove=function(e,t,n){e.removeEventListener?e.removeEventListener(t,n,!1):e.detachEvent?e.detachEvent("on"+t,n):delete e["on"+t]};__ez.script.add=function(e){var t=document.createElement("script");t.src=e,t.async=!0,t.type="text/javascript",document.getElementsByTagName("head")[0].appendChild(t)};__ez.queue.addFile('/detroitchicago/boise.js', '/detroitchicago/boise.js?gcb=191-6&cb=1', false, [], true, false, true, false);__ez.dot={};__ez.queue.addFile('/detroitchicago/memphis.js', '/detroitchicago/memphis.js?gcb=191-6&cb=1', false, [], true, false, true, false);__ez.queue.addFile('/detroitchicago/minneapolis.js', '/detroitchicago/minneapolis.js?gcb=191-6&cb=1', false, [], true, false, true, false);__ez.vep=(function(){var pixels=[],pxURL="/detroitchicago/grapefruit.gif";function AddPixel(vID,pixelData){if(__ez.dot.isDefined(vID)&&__ez.dot.isValid(pixelData)){pixels.push({type:'video',video_impression_id:vID,domain_id:__ez.dot.getDID(),t_epoch:__ez.dot.getEpoch(0),data:__ez.dot.dataToStr(pixelData)});}}
function Fire(){if(typeof document.visibilityState!=='undefined'&&document.visibilityState==="prerender"){return;}
if(__ez.dot.isDefined(pixels)&&pixels.length>0){while(pixels.length>0){var j=5;if(j>pixels.length){j=pixels.length;}
var pushPixels=pixels.splice(0,j);(new Image()).src=__ez.dot.getURL(pxURL)+"?orig="+(__ez.template.isOrig===true?1:0)+"&v="+btoa(JSON.stringify(pushPixels));}}
pixels=[];}
return{Add:AddPixel,Fire:Fire};})();</script><script data-ezscrex='false' data-cfasync='false' data-pagespeed-no-defer>__ez.pel=(function(){var pixels=[],pxURL="/porpoiseant/army.gif";function AddAndFirePixel(adSlot,pixelData){AddPixel(adSlot,pixelData,0,0,0,0,0);Fire();}
function GetCurrentPixels(){return pixels;}
function AddPixel(adSlot,pixelData,revenue,est_revenue,bid_floor_filled,bid_floor_prev,stat_source_id){if(!__ez.dot.isDefined(adSlot)||__ez.dot.isAnyDefined(adSlot.getSlotElementId,adSlot.ElementId)==false){return;}
var ad_position_id=parseInt(__ez.dot.getTargeting(adSlot,'ap'));var impId=__ez.dot.getSlotIID(adSlot),adUnit=__ez.dot.getAdUnit(adSlot);var compId=parseInt(__ez.dot.getTargeting(adSlot,"compid"));var lineItemId=0;var creativeId=0;var ezimData=getEzimData(adSlot);if(typeof ezimData=='object'){if(ezimData.creative_id!==undefined){creativeId=ezimData.creative_id;}
if(ezimData.line_item_id!==undefined){lineItemId=ezimData.line_item_id;}}
if(__ez.dot.isDefined(impId,adUnit)&&__ez.dot.isValid(pixelData)){pixels.push({type:"impression",impression_id:impId,domain_id:__ez.dot.getDID(),unit:adUnit,t_epoch:__ez.dot.getEpoch(0),revenue:revenue,est_revenue:est_revenue,ad_position:ad_position_id,ad_size:"",bid_floor_filled:bid_floor_filled,bid_floor_prev:bid_floor_prev,stat_source_id:stat_source_id,country_code:__ez.dot.getCC(),pageview_id:__ez.dot.getPageviewId(),comp_id:compId,line_item_id:lineItemId,creative_id:creativeId,data:__ez.dot.dataToStr(pixelData)});}}
function AddPixelById(impFullId,pixelData){var vals=impFullId.split('/');if(__ez.dot.isDefined(impFullId)&&vals.length===3&&__ez.dot.isValid(pixelData)){var adUnit=vals[0],impId=vals[2];pixels.push({type:"impression",impression_id:impId,domain_id:__ez.dot.getDID(),unit:adUnit,t_epoch:__ez.dot.getEpoch(0),pageview_id:__ez.dot.getPageviewId(),data:__ez.dot.dataToStr(pixelData)});}}
function Fire(){if(typeof document.visibilityState!=='undefined'&&document.visibilityState==="prerender")return;if(__ez.dot.isDefined(pixels)&&pixels.length>0){while(pixels.length>0){var j=5;if(j>pixels.length){j=pixels.length;}
var pushPixels=pixels.splice(0,j);var pixelURL=__ez.dot.getURL(pxURL)+"?orig="+(__ez.template.isOrig===true?1:0)+"&sts="+btoa(JSON.stringify(pushPixels));if(typeof window.isAmp!=='undefined'&&isAmp&&typeof window._ezaq!=='undefined'&&_ezaq.hasOwnProperty("domain_id")){pixelURL+="&visit_uuid="+_ezaq['visit_uuid'];}
(new Image()).src=pixelURL;}}
pixels=[];}
function getEzimData(adSlot){if(typeof _ezim_d=="undefined"){return false}
var adUnitName=__ez.dot.getAdUnitPath(adSlot).split('/').pop();if(typeof _ezim_d==='object'&&_ezim_d.hasOwnProperty(adUnitName)){return _ezim_d[adUnitName];}
for(var ezimKey in _ezim_d){if(ezimKey.split('/').pop()===adUnitName){return _ezim_d[ezimKey];}}
return false;}
return{Add:AddPixel,AddAndFire:AddAndFirePixel,AddById:AddPixelById,Fire:Fire,GetPixels:GetCurrentPixels,};})();__ez.queue.addFile('/detroitchicago/raleigh.js', '/detroitchicago/raleigh.js?gcb=191-6&cb=1', false, [], true, false, true, false);__ez.queue.addFile('/detroitchicago/tampa.js', '/detroitchicago/tampa.js?gcb=191-6&cb=1', false, [], true, false, true, false);</script>
<script data-ezscrex="false" type="text/javascript" data-cfasync="false">var _ezaq = {"ad_cache_level":0,"ad_count_adjustment":0,"ad_lazyload_version":0,"ad_location_ids":"","ad_transform_level":0,"adx_ad_count":0,"bidder_method":1,"bidder_version":3,"city":"Delhi","country":"IN","days_since_last_visit":-1,"display_ad_count":0,"domain_id":133674,"ds_adsize_opt_id":-1,"engaged_time_visit":0,"ezcache_level":1,"forensiq_score":-1,"form_factor_id":1,"framework_id":1,"has_bad_image":0,"has_bad_words":0,"iab_category":"","is_from_recommended_pages":false,"is_return_visitor":false,"is_sitespeed":0,"last_page_load":"","last_pageview_id":"","lt_cache_level":0,"max_ads":0,"metro_code":0,"optimization_version":1,"page_ad_positions":"","page_view_count":0,"page_view_id":"32ef1995-fe10-499a-56ac-6179b11d5746","position_selection_id":0,"postal_code":"110054","pv_event_count":0,"response_time_orig":988,"serverid":"3.7.69.3:17680","state":"DL","sub_page_ad_positions":"","t_epoch":1602057198,"template_id":0,"time_on_site_visit":0,"url":"http://dummy.restapiexample.com/api/v1/create","user_id":0,"word_count":0,"worst_bad_word_level":0};var _ezim_d = null;var _ezat = {"domain_id":133674,"form_factor_id":1,"framework_id":1,"pageview_date":"2020-10-07","pageview_id":"32ef1995-fe10-499a-56ac-6179b11d5746","template_id":0,"url":"http://dummy.restapiexample.com/api/v1/create","visit_uuid":"ffafa184-51c0-42f6-6b05-af843363b39a"};</script><script data-ezscrex='false' data-pagespeed-no-defer data-cfasync='false' type="text/javascript">__ez.queue.addFile('banger.js', '/porpoiseant/banger.js?cb=191-6&bv=86&v=35&PageSpeed=off', true, [], true, false, false, true);</script>
<script data-ezscrex="false" data-cfasync="false">(function(){if("function"===typeof window.CustomEvent)return!1;window.CustomEvent=function(c,a){a=a||{bubbles:!1,cancelable:!1,detail:null};var b=document.createEvent("CustomEvent");b.initCustomEvent(c,a.bubbles,a.cancelable,a.detail);return b}})();</script><script data-ezscrex="false" data-cfasync="false">__ez.queue.addFile('/detroitchicago/tulsa.js', '/detroitchicago/tulsa.js?gcb=191-6&cb=2', false, [], true, false, true, false);</script>
        
        <meta name="viewport" content="width=device-width, initial-scale=1">

        <title>Too Many Requests</title>

        <!-- Fonts -->
        <link rel="dns-prefetch" href="//fonts.gstatic.com">
        <link href="https://fonts.googleapis.com/css?family=Nunito" rel="stylesheet">

        <!-- Styles -->
        <style>
            html, body {
                background-color: #fff;
                color: #636b6f;
                font-family: 'Nunito', sans-serif;
                font-weight: 100;
                height: 100vh;
                margin: 0;
            }

            .full-height {
                height: 100vh;
            }

            .flex-center {
                align-items: center;
                display: flex;
                justify-content: center;
            }

            .position-ref {
                position: relative;
            }

            .code {
                border-right: 2px solid;
                font-size: 26px;
                padding: 0 15px 0 15px;
                text-align: center;
            }

            .message {
                font-size: 18px;
                text-align: center;
            }
        </style>
    
<script data-ezscrex="false" data-cfasync="false" type="text/javascript">window.google_analytics_uacct = "UA-131129777-14";</script>
<script data-ezscrex="false" data-cfasync="false" type="text/javascript">
var _gaq = _gaq || [];
_gaq.push(function(){
	_gat._createTracker('UA-131129777-14', 'e');
});
_gaq.push(function(){
	_gat._createTracker('UA-38339005-1', 'f');
});
_gaq.push(['e._setDomainName', 'restapiexample.com']);
_gaq.push(['f._setDomainName', 'restapiexample.com']);
_gaq.push(['e._setCustomVar',1,'template','pub_site_noads',3]);
_gaq.push(['e._setCustomVar',2,'t','147',3]);
_gaq.push(['e._setCustomVar',3,'rid','0',2]);
_gaq.push(['e._setCustomVar',4,'bra','mod1',3]);
_gaq.push(['e._setAllowAnchor',true]);
_gaq.push(['e._setSiteSpeedSampleRate', 10]);
_gaq.push(['f._setCustomVar',1,'template','pub_site_noads',3]);
_gaq.push(['f._setCustomVar',2,'domain','restapiexample.com',3]);
_gaq.push(['f._setSiteSpeedSampleRate', 20]);
_gaq.push(['e._trackPageview']);
_gaq.push(['f._trackPageview']);


(function() {
 var ga = document.createElement('script'); ga.type = 'text/javascript'; ga.async = true;
 ga.src = ('https:' == document.location.protocol ? 'https://ssl' : 'http://www') + '.google-analytics.com/ga.js';
 var s = document.getElementsByTagName('script')[0]; s.parentNode.insertBefore(ga, s);
})();
</script>
<script type="text/javascript">var ezouid = "1";</script><base href="http://dummy.restapiexample.com/api/v1/create"><script type='text/javascript'>
var ezoTemplate = 'pub_site_noads';
if(typeof ezouid == 'undefined')
{
    var ezouid = 'none';
}
var ezoFormfactor = '1';
var ezo_elements_to_check = Array();
</script><!-- START EZHEAD -->
<script data-ezscrex="false" type='text/javascript'>
var soc_app_id = '0';
var did = 133674;
var ezdomain = 'restapiexample.com';
var ezoicSearchable = 1;
</script>
<!--{jquery}-->
<!-- END EZHEAD -->
<script data-ezscrex='false' data-pagespeed-no-defer data-cfasync='false' type='text/javascript' style='display:none'>
__ez.queue.addFile('__ezf_ezosuigeneris', '//g.ezoic.net/ezosuigeneris.js', true, [], true, false, false, false);
var __ez_ezosuigenerisEvt = function() { if(typeof(ezosuigeneris) != 'undefined'){__ez.bit.AddAndFire(_ezaq['page_view_id'], [(new __ezDotData('universal_user_id', ezosuigeneris))]); }};
__ez.queue.addFunc('__ez_ezosuigenerisEvt', '__ez_ezosuigenerisEvt', null, false, ['__ezf_ezosuigeneris','/detroitchicago/minneapolis.js','/detroitchicago/memphis.js'], false, false, false, false);</script><script data-ezscrex='false' data-pagespeed-no-defer data-cfasync='false' type='text/javascript' style='display:none'>__ez.queue.addFile('__ezf_ezosuigenerisc', '//g.ezoic.net/ezosuigenerisc.js?nogen=1', true, ["/detroitchicago/boise.js"], true, false, false, false);</script>
<script data-ezscrex='false' data-pagespeed-no-defer data-cfasync='false'>
function create_ezolpl(pvID, rv) {
    var d = new Date();
    d.setTime(d.getTime() + (365*24*60*60*1000));
    var expires = "expires="+d.toUTCString();
    __ez.ck.setByCat("ezux_lpl_133674=" + new Date().getTime() + "|" + pvID + "|" + rv + "; " + expires, 3);
}
function attach_ezolpl(pvID, rv) {
    if (document.readyState === "complete") {
        create_ezolpl(pvID, rv);
    }
    if(window.attachEvent) {
        window.attachEvent("onload", create_ezolpl, pvID, rv);
    } else {
        if(window.onload) {
            var curronload = window.onload;
            var newonload = function(evt) {
                curronload(evt);
                create_ezolpl(pvID, rv);
            };
            window.onload = newonload;
        } else {
            window.onload = create_ezolpl.bind(null, pvID, rv);
        }
    }
}

__ez.queue.addFunc("attach_ezolpl", "attach_ezolpl", ["32ef1995-fe10-499a-56ac-6179b11d5746", "false"], false, ['/detroitchicago/boise.js'], true, false, false, false);
</script></head>
    <body>
        <div class="flex-center position-ref full-height">
            <div class="code">
                429            </div>

            <div class="message" style="padding: 10px;">
                Too Many Requests            </div>
        </div>
    <script type="text/javascript" style='display:none;'>var __ez_dims = (function() {
		var setCookie = function( name, content, expiry ) {
			return document.cookie = name+'='+content+((expiry)?';expires='+(new Date(Math.floor(new Date().getTime()+expiry*1000)).toUTCString()):'')+';path=/';
		};
		var ffid = 1;
		var oh = window.screen.height;
		var ow = window.screen.width;
		var h = ffid === 1 ? oh : (oh > ow) ? oh : ow;
		var w = ffid === 1 ? ow : (oh > ow) ? ow : oh;
		var uh = window.innerHeight || document.documentElement.clientHeight || document.getElementsByTagName('body')[0].clientHeight;
		var uw = window.innerWidth || document.documentElement.clientWidth || document.getElementsByTagName('body')[0].clientWidth;
		setCookie('ezds', encodeURIComponent('ffid='+ffid+',w='+w+',h='+h), (31536e3*7));
		setCookie('ezohw', encodeURIComponent('w='+uw+',h='+uh), (31536e3*7));
	})();</script><script type='text/javascript' style='display:none;' async>
__ez.queue.addFile('edmonton.php', '/detroitchicago/edmonton.webp?a=a&cb=191-6&shcb=34', true, ['/detroitchicago/minneapolis.js'], true, false, false, false);
__ez.queue.addFile('jellyfish.php', '/porpoiseant/jellyfish.webp?a=a&cb=191-6&shcb=34', false, [], true, false, false, false);
</script>

<script type='text/javascript' data-cfasync='false'></script></body>
</html>

2020-10-07 13:23:24 INFO  EmployeeBasepakchage:103 - *********  Finished TC003_Post_Employee_Record **********
2020-10-07 13:23:24 INFO  EmployeeBasepakchage:17 - *********Started TC005_Delete_Employee_Record **********
2020-10-07 13:23:30 INFO  EmployeeBasepakchage:82 - *********  Finished TC005_Delete_Employee_Record **********
2020-10-07 13:49:10 INFO  EmployeeBasepakchage:22 - insidetesting data checking data is there
2020-10-07 13:49:12 INFO  EmployeeBasepakchage:39 - inside method check data checking the data
2020-10-07 13:49:12 INFO  EmployeeBasepakchage:79 - end of test cases
2020-10-07 14:37:10 INFO  EmployeeBasepakchage:22 - insidetesting data checking data is there
2020-10-07 14:37:13 INFO  EmployeeBasepakchage:41 - inside method check data checking the data
2020-10-07 14:37:13 INFO  EmployeeBasepakchage:81 - end of test cases
2020-10-07 14:41:15 INFO  EmployeeBasepakchage:22 - insidetesting data checking data is there
2020-10-07 14:41:17 INFO  EmployeeBasepakchage:41 - inside method check data checking the data
2020-10-07 14:41:17 INFO  EmployeeBasepakchage:81 - end of test cases
2020-10-07 14:41:40 INFO  EmployeeBasepakchage:22 - insidetesting data checking data is there
2020-10-07 14:41:42 INFO  EmployeeBasepakchage:41 - inside method check data checking the data
2020-10-07 14:41:43 INFO  EmployeeBasepakchage:81 - end of test cases
2020-10-07 14:45:44 INFO  EmployeeBasepakchage:22 - insidetesting data checking data is there
2020-10-07 14:45:46 INFO  EmployeeBasepakchage:41 - inside method check data checking the data
2020-10-07 14:45:48 INFO  EmployeeBasepakchage:81 - end of test cases
2020-10-07 14:46:09 INFO  EmployeeBasepakchage:22 - insidetesting data checking data is there
2020-10-07 14:46:11 INFO  EmployeeBasepakchage:41 - inside method check data checking the data
2020-10-07 14:46:12 INFO  EmployeeBasepakchage:81 - end of test cases
2020-10-07 14:47:03 INFO  EmployeeBasepakchage:22 - insidetesting data checking data is there
2020-10-07 14:47:05 INFO  EmployeeBasepakchage:41 - inside method check data checking the data
2020-10-07 14:47:06 INFO  EmployeeBasepakchage:81 - end of test cases
2020-10-07 14:47:49 INFO  EmployeeBasepakchage:22 - insidetesting data checking data is there
2020-10-07 14:47:51 INFO  EmployeeBasepakchage:41 - inside method check data checking the data
2020-10-07 14:47:52 INFO  EmployeeBasepakchage:81 - end of test cases
2020-10-07 14:48:37 INFO  EmployeeBasepakchage:22 - insidetesting data checking data is there
2020-10-07 14:48:38 INFO  EmployeeBasepakchage:41 - inside method check data checking the data
2020-10-07 14:48:39 INFO  EmployeeBasepakchage:81 - end of test cases
2020-10-07 14:48:51 INFO  EmployeeBasepakchage:22 - insidetesting data checking data is there
2020-10-07 14:48:53 INFO  EmployeeBasepakchage:41 - inside method check data checking the data
2020-10-07 14:48:54 INFO  EmployeeBasepakchage:81 - end of test cases
2020-10-07 22:08:37 INFO  EmployeeBasepakchage:22 - insidetesting data checking data is there
2020-10-07 22:08:39 INFO  EmployeeBasepakchage:41 - inside method check data checking the data
2020-10-07 22:08:40 INFO  EmployeeBasepakchage:82 - end of test cases
2020-10-07 22:09:16 INFO  EmployeeBasepakchage:22 - insidetesting data checking data is there
2020-10-07 22:09:17 INFO  EmployeeBasepakchage:41 - inside method check data checking the data
2020-10-07 22:09:18 INFO  EmployeeBasepakchage:67 - checking status code to be 200
2020-10-07 22:09:18 INFO  EmployeeBasepakchage:82 - end of test cases
2020-10-08 10:03:17 INFO  class:12 - derived log
2020-10-08 10:06:39 INFO  class:12 - derived log
2020-10-08 10:07:56 INFO  class:13 - derived log
2020-10-08 10:09:03 INFO  class:13 - derived log
2020-10-08 10:09:26 INFO  class:22 - from base
2020-10-08 10:09:26 INFO  class:13 - derived log
2020-10-08 12:00:45 INFO  class:22 - from base
2020-10-08 12:00:45 INFO  class:13 - derived log
2020-10-08 12:09:06 INFO  class:22 - from base
2020-10-08 12:09:06 INFO  class:13 - derived log
2020-10-08 12:16:31 INFO  class:22 - from base
2020-10-08 12:16:31 INFO  class:13 - derived log
2020-10-08 12:16:37 INFO  class:22 - from base
2020-10-08 12:16:37 INFO  class:13 - derived log
2020-10-09 16:16:49 INFO  EmployeeBasepakchage:17 - starting
2020-10-09 16:18:13 INFO  EmployeeBasepakchage:17 - starting
2020-10-09 17:15:08 INFO  EmployeeBasepakchage:17 - starting
2020-10-09 17:16:02 INFO  EmployeeBasepakchage:17 - starting
2020-10-09 17:17:33 INFO  EmployeeBasepakchage:17 - starting
2020-10-09 17:18:37 INFO  EmployeeBasepakchage:17 - starting
2020-10-09 17:19:45 INFO  EmployeeBasepakchage:17 - starting
2020-10-09 17:21:42 INFO  EmployeeBasepakchage:17 - starting
2020-10-09 17:27:06 INFO  EmployeeBasepakchage:17 - starting
2020-10-09 17:55:43 INFO  EmployeeBasepakchage:17 - starting
2020-10-09 17:56:38 INFO  EmployeeBasepakchage:17 - starting
2020-10-09 17:57:12 INFO  EmployeeBasepakchage:17 - starting
2020-10-09 17:58:41 INFO  EmployeeBasepakchage:17 - starting
2020-10-09 18:00:07 INFO  EmployeeBasepakchage:17 - starting
2020-10-09 18:01:02 INFO  EmployeeBasepakchage:17 - starting
2020-10-13 11:37:38 INFO  EmployeeBasepakchage:26 - insidetesting data checking data is there
2020-10-13 11:37:40 INFO  EmployeeBasepakchage:47 - inside method check data checking the data
2020-10-13 11:37:41 INFO  EmployeeBasepakchage:74 - checking status code to be 200
2020-10-13 11:37:41 INFO  EmployeeBasepakchage:89 - end of test cases
2020-10-13 11:41:44 INFO  EmployeeBasepakchage:26 - insidetesting data checking data is there
2020-10-13 11:41:46 INFO  EmployeeBasepakchage:47 - inside method check data checking the data
2020-10-13 11:41:46 INFO  EmployeeBasepakchage:74 - checking status code to be 200
2020-10-13 11:41:46 INFO  EmployeeBasepakchage:89 - end of test cases
2020-10-13 14:15:09 INFO  EmployeeBasepakchage:17 - starting
2020-10-16 12:08:36 INFO  EmployeeBasepakchage:26 - insidetesting data checking data is there
2020-10-16 12:08:41 INFO  EmployeeBasepakchage:51 - inside method check data checking the data
2020-10-16 12:08:41 INFO  EmployeeBasepakchage:78 - checking status code to be 200
2020-10-16 12:08:41 INFO  EmployeeBasepakchage:93 - end of test cases
